Sun Nov 19 16:43:50 CST 2023: cisa.json has been changed and committed.
Sun Nov 19 16:48:48 CST 2023: No changes in cisa.json.
Tue Nov 21 09:54:24 CST 2023: cisa.json has been changed and committed.
Wed Nov 22 22:31:38 CST 2023: No changes in cisa.json.
Tue Nov 28 12:09:21 CST 2023: No changes in cisa.json.
Thu Nov 30 09:45:37 CST 2023: cisa.json has been changed and committed.
Fri Dec  1 10:18:21 CST 2023: cisa.json has been changed and committed.
Fri Dec  1 13:20:59 CST 2023: cisa.json has been changed and committed.
Mon Dec  4 09:40:51 CST 2023: No changes in cisa.json.
Mon Dec  4 10:19:59 CST 2023: cisa.json has been changed and committed.
Tue Dec  5 09:30:09 CST 2023: cisa.json has been changed and committed.
Thu Dec  7 09:59:13 CST 2023: cisa.json has been changed and committed.
Fri Dec  8 12:57:00 CST 2023: No changes in cisa.json.
Mon Dec 11 09:26:05 CST 2023: cisa.json has been changed and committed.
Wed Dec 13 12:24:08 CST 2023: cisa.json has been changed and committed.
Tue Dec 19 07:58:11 CST 2023: No changes in cisa.json.
Tue Dec 19 08:35:14 CST 2023: No changes in cisa.json.
Tue Dec 19 18:05:40 CST 2023: cisa.json has been changed and committed.
Thu Dec 21 08:33:25 CST 2023: No changes in cisa.json.
Thu Dec 21 15:55:53 CST 2023: cisa.json has been changed and committed.
Fri Dec 22 13:27:20 CST 2023: No changes in cisa.json.
Mon Dec 25 11:20:51 CST 2023: No changes in cisa.json.
Wed Dec 27 19:22:33 CST 2023: No changes in cisa.json.
Tue Jan  2 13:21:06 CST 2024: No changes in cisa.json.
Tue Jan  2 13:57:10 CST 2024: cisa.json has been changed and committed.
Tue Jan  2 17:24:28 CST 2024: No changes in cisa.json.
